UpdateCTestConfiguration  from :/home/jdaehn/src/repos/msu/sp24/grading/scripts/lab01-JoeyMace/cmake-build-debug/DartConfiguration.tcl
Parse Config file:/home/jdaehn/src/repos/msu/sp24/grading/scripts/lab01-JoeyMace/cmake-build-debug/DartConfiguration.tcl
UpdateCTestConfiguration  from :/home/jdaehn/src/repos/msu/sp24/grading/scripts/lab01-JoeyMace/cmake-build-debug/DartConfiguration.tcl
Parse Config file:/home/jdaehn/src/repos/msu/sp24/grading/scripts/lab01-JoeyMace/cmake-build-debug/DartConfiguration.tcl
Test project /home/jdaehn/src/repos/msu/sp24/grading/scripts/lab01-JoeyMace/cmake-build-debug
Constructing a list of tests
Done constructing a list of tests
Updating test list for fixtures
Added 0 tests to meet fixture requirements
Checking test dependency graph...
Checking test dependency graph end
test 1
    Start 1: Scenario: Evaluate Code for Task 1

1: Test command: /home/jdaehn/src/repos/msu/sp24/grading/scripts/lab01-JoeyMace/cmake-build-debug/tests "Scenario: Evaluate Code for Task 1"
1: Test timeout computed to be: 1500
1: Filters: "Scenario: Evaluate Code for Task 1"
1: Randomness seeded to: 4282032899
1: ===============================================================================
1: All tests passed (4 assertions in 1 test case)
1: 
1/3 Test #1: Scenario: Evaluate Code for Task 1 ...   Passed    0.01 sec
test 2
    Start 2: Scenario: Evaluate Code for Task 2

2: Test command: /home/jdaehn/src/repos/msu/sp24/grading/scripts/lab01-JoeyMace/cmake-build-debug/tests "Scenario: Evaluate Code for Task 2"
2: Test timeout computed to be: 1500
2: Filters: "Scenario: Evaluate Code for Task 2"
2: Randomness seeded to: 1060348646
2: ===============================================================================
2: All tests passed (2 assertions in 1 test case)
2: 
2/3 Test #2: Scenario: Evaluate Code for Task 2 ...   Passed    0.00 sec
test 3
    Start 3: Scenario: Evaluate Code for Task 3

3: Test command: /home/jdaehn/src/repos/msu/sp24/grading/scripts/lab01-JoeyMace/cmake-build-debug/tests "Scenario: Evaluate Code for Task 3"
3: Test timeout computed to be: 1500
3: Filters: "Scenario: Evaluate Code for Task 3"
3: Randomness seeded to: 194285228
3: 
3: ~~~~~~~~~~~~~~~~~~~~~~~~~~~~~~~~~~~~~~~~~~~~~~~~~~~~~~~~~~~~~~~~~~~~~~~~~~~~~~~
3: tests is a Catch2 v3.4.0 host application.
3: Run with -? for options
3: 
3: -------------------------------------------------------------------------------
3: Scenario: Evaluate Code for Task 3
3:       Given: the student has completed Task 3
3:        When: we look for the maximum grade in the one-dimensional grades array
3:        Then: we find the largest value
3: -------------------------------------------------------------------------------
3: /home/jdaehn/src/repos/msu/sp24/grading/scripts/lab01-JoeyMace/src/test/cpp/unit_tests.cpp:154
3: ...............................................................................
3: 
3: /home/jdaehn/src/repos/msu/sp24/grading/scripts/lab01-JoeyMace/src/test/cpp/unit_tests.cpp:155: FAILED:
3:   REQUIRE( expected == actual )
3: with expansion:
3:   95.0 == 0.0
3: 
3: -------------------------------------------------------------------------------
3: Scenario: Evaluate Code for Task 3
3:       Given: the student has completed Task 3
3:    And when: we locate the index of the maximum grade in the two-dimensional
3:              grade book
3:        Then: we find the correct index
3: -------------------------------------------------------------------------------
3: /home/jdaehn/src/repos/msu/sp24/grading/scripts/lab01-JoeyMace/src/test/cpp/unit_tests.cpp:161
3: ...............................................................................
3: 
3: /home/jdaehn/src/repos/msu/sp24/grading/scripts/lab01-JoeyMace/src/test/cpp/unit_tests.cpp:162: FAILED:
3:   REQUIRE( expected == actual )
3: with expansion:
3:   1 == 0
3: 
3: ===============================================================================
3: test cases: 1 | 1 failed
3: assertions: 2 | 2 failed
3: 
3/3 Test #3: Scenario: Evaluate Code for Task 3 ...***Failed    0.00 sec

67% tests passed, 1 tests failed out of 3

Total Test time (real) =   0.02 sec

The following tests FAILED:
	  3 - Scenario: Evaluate Code for Task 3 (Failed)
